<?xml version="1.0" encoding="UTF-8"?>
<!-- Generated by org.testng.reporters.JUnitReportReporter -->
<testsuite skipped="0" hostname="pc-PC" name="com.orange.script.Scenario6" tests="1" failures="0" timestamp="22 Nov 2016 08:34:21 GMT" time="0.033" errors="0">
  <testcase name="testScenario6" time="0.033" classname="com.orange.script.Scenario6"/>
</testsuite> <!-- com.orange.script.Scenario6 -->
