<?xml version="1.0" encoding="UTF-8"?>
<!-- Generated by org.testng.reporters.JUnitReportReporter -->
<testsuite skipped="0" hostname="pc-PC" name="com.orange.script.Scenario1" tests="1" failures="0" timestamp="22 Nov 2016 07:57:19 GMT" time="27.886" errors="0">
  <testcase name="testScenario1" time="27.886" classname="com.orange.script.Scenario1"/>
</testsuite> <!-- com.orange.script.Scenario1 -->
