<?xml version="1.0" encoding="UTF-8"?>
<!-- Generated by org.testng.reporters.JUnitReportReporter -->
<testsuite skipped="1" hostname="pc-PC" name="com.orange.script.Scenario4" tests="1" failures="0" timestamp="22 Nov 2016 10:33:07 GMT" time="0.000" errors="0">
  <testcase name="testScenario4" time="0.000" classname="com.orange.script.Scenario4">
    <skipped/>
  </testcase> <!-- testScenario4 -->
</testsuite> <!-- com.orange.script.Scenario4 -->
