<?xml version="1.0" encoding="UTF-8"?>
<!-- Generated by org.testng.reporters.JUnitReportReporter -->
<testsuite skipped="0" hostname="pc-PC" name="com.orange.script.Scenario3" tests="1" failures="0" timestamp="22 Nov 2016 07:57:19 GMT" time="28.369" errors="0">
  <testcase name="testScenario3" time="28.369" classname="com.orange.script.Scenario3"/>
</testsuite> <!-- com.orange.script.Scenario3 -->
